[ 2014-11-05T13:06:44+08:00 ] NOTIC: [2048] Declaration of FindexAction::redirect() should be compatible with that of Action::redirect() FindexAction.class.php 第 37 行.
[ 2014-11-05T13:06:44+08:00 ] NOTIC: [2048] Only variables should be assigned by reference FbaseAction.class.php 第 135 行.
[ 2014-11-05T13:06:44+08:00 ] NOTIC: [8] Undefined index: forward FbaseAction.class.php 第 137 行.
[ 2014-11-05T13:06:45+08:00 ] SQL:  RunTime:0.028972s SQL = SHOW COLUMNS FROM fangfa_category
[ 2014-11-05T13:06:45+08:00 ] SQL:  RunTime:0.000691s SQL = SELECT * FROM `fangfa_category` WHERE catid=18 LIMIT 1 
[ 2014-11-05T13:06:45+08:00 ] NOTIC: [2] unlink(D:\wamp\www\cms420/data/wap/runtime/templates_c\%%77^774^774BE9C9%%index.html.php) [<a href='function.unlink'>function.unlink</a>]: No such file or directory core.write_file.php 第 44 行.
[ 2014-11-05T13:06:45+08:00 ] SQL:  RunTime:0.015200s SQL = SHOW COLUMNS FROM fangfa_mobilemenu
[ 2014-11-05T13:06:45+08:00 ] NOTIC: [8] Undefined variable: id function.ffwapmenu.php 第 24 行.
[ 2014-11-05T13:06:45+08:00 ] SQL:  RunTime:0.000424s SQL = SELECT id,name,url,catid,description FROM `fangfa_mobilemenu` ORDER BY sort asc,create_time desc
[ 2014-11-05T13:06:45+08:00 ] NOTIC: [8] Undefined index: data %%77^774^774BE9C9%%index.html.php 第 11 行.
[ 2014-11-05T13:46:22+08:00 ] NOTIC: [2048] Declaration of FindexAction::redirect() should be compatible with that of Action::redirect() FindexAction.class.php 第 37 行.
[ 2014-11-05T13:46:22+08:00 ] NOTIC: [2048] Only variables should be assigned by reference FbaseAction.class.php 第 135 行.
[ 2014-11-05T13:46:22+08:00 ] NOTIC: [8] Undefined index: forward FbaseAction.class.php 第 137 行.
[ 2014-11-05T13:46:23+08:00 ] SQL:  RunTime:0.037545s SQL = SHOW COLUMNS FROM fangfa_category
[ 2014-11-05T13:46:23+08:00 ] SQL:  RunTime:0.001254s SQL = SELECT * FROM `fangfa_category` WHERE catid=18 LIMIT 1 
[ 2014-11-05T13:46:23+08:00 ] SQL:  RunTime:0.015627s SQL = SHOW COLUMNS FROM fangfa_mobilemenu
[ 2014-11-05T13:46:23+08:00 ] NOTIC: [8] Undefined variable: id function.ffwapmenu.php 第 24 行.
[ 2014-11-05T13:46:23+08:00 ] SQL:  RunTime:0.000406s SQL = SELECT id,name,url,catid,description FROM `fangfa_mobilemenu` ORDER BY sort asc,create_time desc
[ 2014-11-05T13:46:23+08:00 ] NOTIC: [8] Undefined index: data %%77^774^774BE9C9%%index.html.php 第 11 行.
[ 2014-11-05T14:02:24+08:00 ] NOTIC: [2048] Declaration of FindexAction::redirect() should be compatible with that of Action::redirect() FindexAction.class.php 第 37 行.
[ 2014-11-05T14:02:24+08:00 ] NOTIC: [2048] Only variables should be assigned by reference FbaseAction.class.php 第 135 行.
[ 2014-11-05T14:02:24+08:00 ] NOTIC: [8] Undefined index: forward FbaseAction.class.php 第 137 行.
[ 2014-11-05T14:02:25+08:00 ] SQL:  RunTime:0.014419s SQL = SHOW COLUMNS FROM fangfa_category
[ 2014-11-05T14:02:25+08:00 ] SQL:  RunTime:0.000532s SQL = SELECT * FROM `fangfa_category` WHERE catid=18 LIMIT 1 
[ 2014-11-05T14:02:25+08:00 ] SQL:  RunTime:0.014155s SQL = SHOW COLUMNS FROM fangfa_mobilemenu
[ 2014-11-05T14:02:25+08:00 ] NOTIC: [8] Undefined variable: id function.ffwapmenu.php 第 24 行.
[ 2014-11-05T14:02:25+08:00 ] SQL:  RunTime:0.000397s SQL = SELECT id,name,url,catid,description FROM `fangfa_mobilemenu` ORDER BY sort asc,create_time desc
[ 2014-11-05T14:02:25+08:00 ] NOTIC: [8] Undefined index: data %%77^774^774BE9C9%%index.html.php 第 11 行.
[ 2014-11-05T14:03:27+08:00 ] NOTIC: [2048] Declaration of FindexAction::redirect() should be compatible with that of Action::redirect() FindexAction.class.php 第 37 行.
[ 2014-11-05T14:03:27+08:00 ] NOTIC: [2048] Only variables should be assigned by reference FbaseAction.class.php 第 135 行.
[ 2014-11-05T14:03:27+08:00 ] NOTIC: [8] Undefined index: forward FbaseAction.class.php 第 137 行.
[ 2014-11-05T14:03:28+08:00 ] SQL:  RunTime:0.020542s SQL = SHOW COLUMNS FROM fangfa_category
[ 2014-11-05T14:03:28+08:00 ] SQL:  RunTime:0.000778s SQL = SELECT * FROM `fangfa_category` WHERE catid=18 LIMIT 1 
[ 2014-11-05T14:03:28+08:00 ] SQL:  RunTime:0.014014s SQL = SHOW COLUMNS FROM fangfa_mobilemenu
[ 2014-11-05T14:03:28+08:00 ] NOTIC: [8] Undefined variable: id function.ffwapmenu.php 第 24 行.
[ 2014-11-05T14:03:28+08:00 ] SQL:  RunTime:0.000444s SQL = SELECT id,name,url,catid,description FROM `fangfa_mobilemenu` ORDER BY sort asc,create_time desc
[ 2014-11-05T14:03:28+08:00 ] NOTIC: [8] Undefined index: data %%77^774^774BE9C9%%index.html.php 第 11 行.
