[ 2015-08-24T16:56:55+08:00 ] NOTIC: [2048] Declaration of FindexAction::redirect() should be compatible with that of Action::redirect() FindexAction.class.php 第 37 行.
[ 2015-08-24T16:56:55+08:00 ] NOTIC: [2048] Only variables should be assigned by reference FbaseAction.class.php 第 135 行.
[ 2015-08-24T16:56:55+08:00 ] NOTIC: [8] Undefined index:  forward FbaseAction.class.php 第 137 行.
[ 2015-08-24T16:56:56+08:00 ] SQL:  RunTime:0.002365s SQL = SHOW COLUMNS FROM fangfa_category
[ 2015-08-24T16:56:56+08:00 ] SQL:  RunTime:0.000423s SQL = SELECT * FROM `fangfa_category` WHERE catid=18 LIMIT 1 
[ 2015-08-24T16:56:56+08:00 ] SQL:  RunTime:0.001147s SQL = SHOW COLUMNS FROM fangfa_mobilemenu
[ 2015-08-24T16:56:56+08:00 ] NOTIC: [8] Undefined variable: id function.ffwapmenu.php 第 24 行.
[ 2015-08-24T16:56:56+08:00 ] SQL:  RunTime:0.000206s SQL = SELECT id,name,url,catid,description FROM `fangfa_mobilemenu` ORDER BY sort asc,create_time desc
[ 2015-08-24T16:56:56+08:00 ] NOTIC: [8] Undefined index:  data %%77^774^774BE9C9%%index.html.php 第 11 行.
[ 2015-08-24T17:13:28+08:00 ] NOTIC: [2048] Declaration of FindexAction::redirect() should be compatible with that of Action::redirect() FindexAction.class.php 第 37 行.
[ 2015-08-24T17:13:28+08:00 ] NOTIC: [2048] Only variables should be assigned by reference FbaseAction.class.php 第 135 行.
[ 2015-08-24T17:13:28+08:00 ] NOTIC: [8] Undefined index:  forward FbaseAction.class.php 第 137 行.
[ 2015-08-24T17:13:28+08:00 ] SQL:  RunTime:0.001466s SQL = SHOW COLUMNS FROM fangfa_category
[ 2015-08-24T17:13:28+08:00 ] SQL:  RunTime:0.000111s SQL = SELECT * FROM `fangfa_category` WHERE catid=18 LIMIT 1 
[ 2015-08-24T17:13:28+08:00 ] SQL:  RunTime:0.001158s SQL = SHOW COLUMNS FROM fangfa_mobilemenu
[ 2015-08-24T17:13:28+08:00 ] NOTIC: [8] Undefined variable: id function.ffwapmenu.php 第 24 行.
[ 2015-08-24T17:13:28+08:00 ] SQL:  RunTime:0.000090s SQL = SELECT id,name,url,catid,description FROM `fangfa_mobilemenu` ORDER BY sort asc,create_time desc
[ 2015-08-24T17:13:28+08:00 ] NOTIC: [8] Undefined index:  data %%77^774^774BE9C9%%index.html.php 第 11 行.
[ 2015-08-24T17:15:32+08:00 ] NOTIC: [2048] Declaration of FindexAction::redirect() should be compatible with that of Action::redirect() FindexAction.class.php 第 37 行.
[ 2015-08-24T17:15:32+08:00 ] NOTIC: [2048] Only variables should be assigned by reference FbaseAction.class.php 第 135 行.
[ 2015-08-24T17:15:32+08:00 ] NOTIC: [8] Undefined index:  forward FbaseAction.class.php 第 137 行.
[ 2015-08-24T17:15:32+08:00 ] SQL:  RunTime:0.001896s SQL = SHOW COLUMNS FROM fangfa_category
[ 2015-08-24T17:15:32+08:00 ] SQL:  RunTime:0.000118s SQL = SELECT * FROM `fangfa_category` WHERE catid=18 LIMIT 1 
[ 2015-08-24T17:15:32+08:00 ] SQL:  RunTime:0.001151s SQL = SHOW COLUMNS FROM fangfa_mobilemenu
[ 2015-08-24T17:15:32+08:00 ] NOTIC: [8] Undefined variable: id function.ffwapmenu.php 第 24 行.
[ 2015-08-24T17:15:32+08:00 ] SQL:  RunTime:0.000099s SQL = SELECT id,name,url,catid,description FROM `fangfa_mobilemenu` ORDER BY sort asc,create_time desc
[ 2015-08-24T17:15:32+08:00 ] NOTIC: [8] Undefined index:  data %%77^774^774BE9C9%%index.html.php 第 11 行.
[ 2015-08-24T17:15:53+08:00 ] NOTIC: [2048] Declaration of FindexAction::redirect() should be compatible with that of Action::redirect() FindexAction.class.php 第 37 行.
[ 2015-08-24T17:15:53+08:00 ] NOTIC: [2048] Only variables should be assigned by reference FbaseAction.class.php 第 135 行.
[ 2015-08-24T17:15:53+08:00 ] NOTIC: [8] Undefined index:  forward FbaseAction.class.php 第 137 行.
[ 2015-08-24T17:15:53+08:00 ] SQL:  RunTime:0.001490s SQL = SHOW COLUMNS FROM fangfa_category
[ 2015-08-24T17:15:53+08:00 ] SQL:  RunTime:0.000108s SQL = SELECT * FROM `fangfa_category` WHERE catid=18 LIMIT 1 
[ 2015-08-24T17:15:53+08:00 ] SQL:  RunTime:0.001143s SQL = SHOW COLUMNS FROM fangfa_mobilemenu
[ 2015-08-24T17:15:53+08:00 ] NOTIC: [8] Undefined variable: id function.ffwapmenu.php 第 24 行.
[ 2015-08-24T17:15:53+08:00 ] SQL:  RunTime:0.000083s SQL = SELECT id,name,url,catid,description FROM `fangfa_mobilemenu` ORDER BY sort asc,create_time desc
[ 2015-08-24T17:15:53+08:00 ] NOTIC: [8] Undefined index:  data %%77^774^774BE9C9%%index.html.php 第 11 行.
[ 2015-08-24T17:18:53+08:00 ] NOTIC: [2048] Declaration of FindexAction::redirect() should be compatible with that of Action::redirect() FindexAction.class.php 第 37 行.
[ 2015-08-24T17:18:53+08:00 ] NOTIC: [2048] Only variables should be assigned by reference FbaseAction.class.php 第 135 行.
[ 2015-08-24T17:18:53+08:00 ] NOTIC: [8] Undefined index:  forward FbaseAction.class.php 第 137 行.
[ 2015-08-24T17:18:53+08:00 ] SQL:  RunTime:0.001876s SQL = SHOW COLUMNS FROM fangfa_category
[ 2015-08-24T17:18:53+08:00 ] SQL:  RunTime:0.000116s SQL = SELECT * FROM `fangfa_category` WHERE catid=18 LIMIT 1 
[ 2015-08-24T17:18:53+08:00 ] SQL:  RunTime:0.001104s SQL = SHOW COLUMNS FROM fangfa_mobilemenu
[ 2015-08-24T17:18:53+08:00 ] NOTIC: [8] Undefined variable: id function.ffwapmenu.php 第 24 行.
[ 2015-08-24T17:18:53+08:00 ] SQL:  RunTime:0.000084s SQL = SELECT id,name,url,catid,description FROM `fangfa_mobilemenu` ORDER BY sort asc,create_time desc
[ 2015-08-24T17:18:53+08:00 ] NOTIC: [8] Undefined index:  data %%77^774^774BE9C9%%index.html.php 第 11 行.
[ 2015-08-24T17:19:09+08:00 ] NOTIC: [2048] Declaration of FindexAction::redirect() should be compatible with that of Action::redirect() FindexAction.class.php 第 37 行.
[ 2015-08-24T17:19:09+08:00 ] NOTIC: [2048] Only variables should be assigned by reference FbaseAction.class.php 第 135 行.
[ 2015-08-24T17:19:09+08:00 ] NOTIC: [8] Undefined index:  forward FbaseAction.class.php 第 137 行.
[ 2015-08-24T17:19:09+08:00 ] SQL:  RunTime:0.001836s SQL = SHOW COLUMNS FROM fangfa_category
[ 2015-08-24T17:19:09+08:00 ] SQL:  RunTime:0.000125s SQL = SELECT * FROM `fangfa_category` WHERE catid=18 LIMIT 1 
[ 2015-08-24T17:19:09+08:00 ] SQL:  RunTime:0.001154s SQL = SHOW COLUMNS FROM fangfa_mobilemenu
[ 2015-08-24T17:19:09+08:00 ] NOTIC: [8] Undefined variable: id function.ffwapmenu.php 第 24 行.
[ 2015-08-24T17:19:09+08:00 ] SQL:  RunTime:0.000084s SQL = SELECT id,name,url,catid,description FROM `fangfa_mobilemenu` ORDER BY sort asc,create_time desc
[ 2015-08-24T17:19:09+08:00 ] NOTIC: [8] Undefined index:  data %%77^774^774BE9C9%%index.html.php 第 11 行.
[ 2015-08-24T17:19:09+08:00 ] NOTIC: [2048] Declaration of FindexAction::redirect() should be compatible with that of Action::redirect() FindexAction.class.php 第 37 行.
[ 2015-08-24T17:19:09+08:00 ] NOTIC: [2048] Only variables should be assigned by reference FbaseAction.class.php 第 135 行.
[ 2015-08-24T17:19:09+08:00 ] NOTIC: [8] Undefined index:  forward FbaseAction.class.php 第 137 行.
[ 2015-08-24T17:19:09+08:00 ] SQL:  RunTime:0.001846s SQL = SHOW COLUMNS FROM fangfa_category
[ 2015-08-24T17:19:09+08:00 ] SQL:  RunTime:0.000114s SQL = SELECT * FROM `fangfa_category` WHERE catid=18 LIMIT 1 
[ 2015-08-24T17:19:09+08:00 ] SQL:  RunTime:0.001136s SQL = SHOW COLUMNS FROM fangfa_mobilemenu
[ 2015-08-24T17:19:09+08:00 ] NOTIC: [8] Undefined variable: id function.ffwapmenu.php 第 24 行.
[ 2015-08-24T17:19:09+08:00 ] SQL:  RunTime:0.000083s SQL = SELECT id,name,url,catid,description FROM `fangfa_mobilemenu` ORDER BY sort asc,create_time desc
[ 2015-08-24T17:19:09+08:00 ] NOTIC: [8] Undefined index:  data %%77^774^774BE9C9%%index.html.php 第 11 行.
[ 2015-08-24T17:19:17+08:00 ] NOTIC: [2048] Declaration of FindexAction::redirect() should be compatible with that of Action::redirect() FindexAction.class.php 第 37 行.
[ 2015-08-24T17:19:17+08:00 ] NOTIC: [2048] Only variables should be assigned by reference FbaseAction.class.php 第 135 行.
[ 2015-08-24T17:19:17+08:00 ] NOTIC: [8] Undefined index:  forward FbaseAction.class.php 第 137 行.
[ 2015-08-24T17:19:17+08:00 ] SQL:  RunTime:0.001857s SQL = SHOW COLUMNS FROM fangfa_category
[ 2015-08-24T17:19:17+08:00 ] SQL:  RunTime:0.000123s SQL = SELECT * FROM `fangfa_category` WHERE catid=18 LIMIT 1 
[ 2015-08-24T17:19:17+08:00 ] SQL:  RunTime:0.001149s SQL = SHOW COLUMNS FROM fangfa_mobilemenu
[ 2015-08-24T17:19:17+08:00 ] NOTIC: [8] Undefined variable: id function.ffwapmenu.php 第 24 行.
[ 2015-08-24T17:19:17+08:00 ] SQL:  RunTime:0.000086s SQL = SELECT id,name,url,catid,description FROM `fangfa_mobilemenu` ORDER BY sort asc,create_time desc
[ 2015-08-24T17:19:17+08:00 ] NOTIC: [8] Undefined index:  data %%77^774^774BE9C9%%index.html.php 第 11 行.
[ 2015-08-24T17:19:26+08:00 ] NOTIC: [2048] Declaration of FindexAction::redirect() should be compatible with that of Action::redirect() FindexAction.class.php 第 37 行.
[ 2015-08-24T17:19:26+08:00 ] NOTIC: [2048] Only variables should be assigned by reference FbaseAction.class.php 第 135 行.
[ 2015-08-24T17:19:26+08:00 ] NOTIC: [8] Undefined index:  forward FbaseAction.class.php 第 137 行.
[ 2015-08-24T17:19:26+08:00 ] SQL:  RunTime:0.001466s SQL = SHOW COLUMNS FROM fangfa_category
[ 2015-08-24T17:19:26+08:00 ] SQL:  RunTime:0.000101s SQL = SELECT * FROM `fangfa_category` WHERE catid=18 LIMIT 1 
[ 2015-08-24T17:19:26+08:00 ] SQL:  RunTime:0.001164s SQL = SHOW COLUMNS FROM fangfa_mobilemenu
[ 2015-08-24T17:19:26+08:00 ] NOTIC: [8] Undefined variable: id function.ffwapmenu.php 第 24 行.
[ 2015-08-24T17:19:26+08:00 ] SQL:  RunTime:0.000084s SQL = SELECT id,name,url,catid,description FROM `fangfa_mobilemenu` ORDER BY sort asc,create_time desc
[ 2015-08-24T17:19:26+08:00 ] NOTIC: [8] Undefined index:  data %%77^774^774BE9C9%%index.html.php 第 11 行.
[ 2015-08-24T17:19:33+08:00 ] NOTIC: [2048] Declaration of FindexAction::redirect() should be compatible with that of Action::redirect() FindexAction.class.php 第 37 行.
[ 2015-08-24T17:19:33+08:00 ] NOTIC: [2048] Only variables should be assigned by reference FbaseAction.class.php 第 135 行.
[ 2015-08-24T17:19:33+08:00 ] NOTIC: [8] Undefined index:  forward FbaseAction.class.php 第 137 行.
[ 2015-08-24T17:19:33+08:00 ] SQL:  RunTime:0.002001s SQL = SHOW COLUMNS FROM fangfa_category
[ 2015-08-24T17:19:33+08:00 ] SQL:  RunTime:0.000125s SQL = SELECT * FROM `fangfa_category` WHERE catid=18 LIMIT 1 
[ 2015-08-24T17:19:33+08:00 ] SQL:  RunTime:0.001261s SQL = SHOW COLUMNS FROM fangfa_mobilemenu
[ 2015-08-24T17:19:33+08:00 ] NOTIC: [8] Undefined variable: id function.ffwapmenu.php 第 24 行.
[ 2015-08-24T17:19:33+08:00 ] SQL:  RunTime:0.000092s SQL = SELECT id,name,url,catid,description FROM `fangfa_mobilemenu` ORDER BY sort asc,create_time desc
[ 2015-08-24T17:19:33+08:00 ] NOTIC: [8] Undefined index:  data %%77^774^774BE9C9%%index.html.php 第 11 行.
[ 2015-08-24T17:19:36+08:00 ] NOTIC: [2048] Declaration of FindexAction::redirect() should be compatible with that of Action::redirect() FindexAction.class.php 第 37 行.
[ 2015-08-24T17:19:36+08:00 ] NOTIC: [2048] Only variables should be assigned by reference FbaseAction.class.php 第 135 行.
[ 2015-08-24T17:19:36+08:00 ] NOTIC: [8] Undefined index:  forward FbaseAction.class.php 第 137 行.
[ 2015-08-24T17:19:36+08:00 ] SQL:  RunTime:0.001466s SQL = SHOW COLUMNS FROM fangfa_category
[ 2015-08-24T17:19:36+08:00 ] SQL:  RunTime:0.000103s SQL = SELECT * FROM `fangfa_category` WHERE catid=18 LIMIT 1 
[ 2015-08-24T17:19:36+08:00 ] SQL:  RunTime:0.001149s SQL = SHOW COLUMNS FROM fangfa_mobilemenu
[ 2015-08-24T17:19:36+08:00 ] NOTIC: [8] Undefined variable: id function.ffwapmenu.php 第 24 行.
[ 2015-08-24T17:19:36+08:00 ] SQL:  RunTime:0.000082s SQL = SELECT id,name,url,catid,description FROM `fangfa_mobilemenu` ORDER BY sort asc,create_time desc
[ 2015-08-24T17:19:36+08:00 ] NOTIC: [8] Undefined index:  data %%77^774^774BE9C9%%index.html.php 第 11 行.
[ 2015-08-24T17:20:15+08:00 ] NOTIC: [2048] Declaration of FindexAction::redirect() should be compatible with that of Action::redirect() FindexAction.class.php 第 37 行.
[ 2015-08-24T17:20:15+08:00 ] NOTIC: [2048] Only variables should be assigned by reference FbaseAction.class.php 第 135 行.
[ 2015-08-24T17:20:15+08:00 ] NOTIC: [8] Undefined index:  forward FbaseAction.class.php 第 137 行.
[ 2015-08-24T17:20:15+08:00 ] SQL:  RunTime:0.001527s SQL = SHOW COLUMNS FROM fangfa_category
[ 2015-08-24T17:20:15+08:00 ] SQL:  RunTime:0.000101s SQL = SELECT * FROM `fangfa_category` WHERE catid=18 LIMIT 1 
[ 2015-08-24T17:20:15+08:00 ] SQL:  RunTime:0.001177s SQL = SHOW COLUMNS FROM fangfa_mobilemenu
[ 2015-08-24T17:20:15+08:00 ] NOTIC: [8] Undefined variable: id function.ffwapmenu.php 第 24 行.
[ 2015-08-24T17:20:15+08:00 ] SQL:  RunTime:0.000085s SQL = SELECT id,name,url,catid,description FROM `fangfa_mobilemenu` ORDER BY sort asc,create_time desc
[ 2015-08-24T17:20:15+08:00 ] NOTIC: [8] Undefined index:  data %%77^774^774BE9C9%%index.html.php 第 11 行.
[ 2015-08-24T17:21:44+08:00 ] NOTIC: [2048] Declaration of FindexAction::redirect() should be compatible with that of Action::redirect() FindexAction.class.php 第 37 行.
[ 2015-08-24T17:21:44+08:00 ] NOTIC: [2048] Only variables should be assigned by reference FbaseAction.class.php 第 135 行.
[ 2015-08-24T17:21:44+08:00 ] NOTIC: [8] Undefined index:  forward FbaseAction.class.php 第 137 行.
[ 2015-08-24T17:21:44+08:00 ] SQL:  RunTime:0.001850s SQL = SHOW COLUMNS FROM fangfa_category
[ 2015-08-24T17:21:44+08:00 ] SQL:  RunTime:0.000124s SQL = SELECT * FROM `fangfa_category` WHERE catid=18 LIMIT 1 
[ 2015-08-24T17:21:44+08:00 ] SQL:  RunTime:0.001155s SQL = SHOW COLUMNS FROM fangfa_mobilemenu
[ 2015-08-24T17:21:44+08:00 ] NOTIC: [8] Undefined variable: id function.ffwapmenu.php 第 24 行.
[ 2015-08-24T17:21:44+08:00 ] SQL:  RunTime:0.000089s SQL = SELECT id,name,url,catid,description FROM `fangfa_mobilemenu` ORDER BY sort asc,create_time desc
[ 2015-08-24T17:21:44+08:00 ] NOTIC: [8] Undefined index:  data %%77^774^774BE9C9%%index.html.php 第 11 行.
[ 2015-08-24T17:22:27+08:00 ] NOTIC: [2048] Declaration of FindexAction::redirect() should be compatible with that of Action::redirect() FindexAction.class.php 第 37 行.
[ 2015-08-24T17:22:27+08:00 ] NOTIC: [2048] Only variables should be assigned by reference FbaseAction.class.php 第 135 行.
[ 2015-08-24T17:22:27+08:00 ] NOTIC: [8] Undefined index:  forward FbaseAction.class.php 第 137 行.
[ 2015-08-24T17:22:27+08:00 ] SQL:  RunTime:0.001815s SQL = SHOW COLUMNS FROM fangfa_category
[ 2015-08-24T17:22:27+08:00 ] SQL:  RunTime:0.000117s SQL = SELECT * FROM `fangfa_category` WHERE catid=18 LIMIT 1 
[ 2015-08-24T17:22:27+08:00 ] SQL:  RunTime:0.001131s SQL = SHOW COLUMNS FROM fangfa_mobilemenu
[ 2015-08-24T17:22:27+08:00 ] NOTIC: [8] Undefined variable: id function.ffwapmenu.php 第 24 行.
[ 2015-08-24T17:22:27+08:00 ] SQL:  RunTime:0.000082s SQL = SELECT id,name,url,catid,description FROM `fangfa_mobilemenu` ORDER BY sort asc,create_time desc
[ 2015-08-24T17:22:27+08:00 ] NOTIC: [8] Undefined index:  data %%77^774^774BE9C9%%index.html.php 第 11 行.
[ 2015-08-24T17:22:43+08:00 ] NOTIC: [2048] Declaration of FindexAction::redirect() should be compatible with that of Action::redirect() FindexAction.class.php 第 37 行.
[ 2015-08-24T17:22:43+08:00 ] NOTIC: [2048] Only variables should be assigned by reference FbaseAction.class.php 第 135 行.
[ 2015-08-24T17:22:43+08:00 ] NOTIC: [8] Undefined index:  forward FbaseAction.class.php 第 137 行.
[ 2015-08-24T17:22:43+08:00 ] SQL:  RunTime:0.001483s SQL = SHOW COLUMNS FROM fangfa_category
[ 2015-08-24T17:22:43+08:00 ] SQL:  RunTime:0.000102s SQL = SELECT * FROM `fangfa_category` WHERE catid=18 LIMIT 1 
[ 2015-08-24T17:22:43+08:00 ] SQL:  RunTime:0.001138s SQL = SHOW COLUMNS FROM fangfa_mobilemenu
[ 2015-08-24T17:22:43+08:00 ] NOTIC: [8] Undefined variable: id function.ffwapmenu.php 第 24 行.
[ 2015-08-24T17:22:43+08:00 ] SQL:  RunTime:0.000083s SQL = SELECT id,name,url,catid,description FROM `fangfa_mobilemenu` ORDER BY sort asc,create_time desc
[ 2015-08-24T17:22:43+08:00 ] NOTIC: [8] Undefined index:  data %%77^774^774BE9C9%%index.html.php 第 11 行.
[ 2015-08-24T17:23:28+08:00 ] NOTIC: [2048] Declaration of FindexAction::redirect() should be compatible with that of Action::redirect() FindexAction.class.php 第 37 行.
[ 2015-08-24T17:23:28+08:00 ] NOTIC: [2048] Only variables should be assigned by reference FbaseAction.class.php 第 135 行.
[ 2015-08-24T17:23:28+08:00 ] NOTIC: [8] Undefined index:  forward FbaseAction.class.php 第 137 行.
[ 2015-08-24T17:23:28+08:00 ] SQL:  RunTime:0.001885s SQL = SHOW COLUMNS FROM fangfa_category
[ 2015-08-24T17:23:28+08:00 ] SQL:  RunTime:0.000121s SQL = SELECT * FROM `fangfa_category` WHERE catid=18 LIMIT 1 
[ 2015-08-24T17:23:28+08:00 ] SQL:  RunTime:0.001171s SQL = SHOW COLUMNS FROM fangfa_mobilemenu
[ 2015-08-24T17:23:28+08:00 ] NOTIC: [8] Undefined variable: id function.ffwapmenu.php 第 24 行.
[ 2015-08-24T17:23:28+08:00 ] SQL:  RunTime:0.000087s SQL = SELECT id,name,url,catid,description FROM `fangfa_mobilemenu` ORDER BY sort asc,create_time desc
[ 2015-08-24T17:23:28+08:00 ] NOTIC: [8] Undefined index:  data %%77^774^774BE9C9%%index.html.php 第 11 行.
[ 2015-08-24T17:24:07+08:00 ] NOTIC: [2048] Declaration of FindexAction::redirect() should be compatible with that of Action::redirect() FindexAction.class.php 第 37 行.
[ 2015-08-24T17:24:07+08:00 ] NOTIC: [2048] Only variables should be assigned by reference FbaseAction.class.php 第 135 行.
[ 2015-08-24T17:24:07+08:00 ] NOTIC: [8] Undefined index:  forward FbaseAction.class.php 第 137 行.
[ 2015-08-24T17:24:07+08:00 ] SQL:  RunTime:0.001480s SQL = SHOW COLUMNS FROM fangfa_category
[ 2015-08-24T17:24:07+08:00 ] SQL:  RunTime:0.000101s SQL = SELECT * FROM `fangfa_category` WHERE catid=18 LIMIT 1 
[ 2015-08-24T17:24:08+08:00 ] SQL:  RunTime:0.001169s SQL = SHOW COLUMNS FROM fangfa_mobilemenu
[ 2015-08-24T17:24:08+08:00 ] NOTIC: [8] Undefined variable: id function.ffwapmenu.php 第 24 行.
[ 2015-08-24T17:24:08+08:00 ] SQL:  RunTime:0.000085s SQL = SELECT id,name,url,catid,description FROM `fangfa_mobilemenu` ORDER BY sort asc,create_time desc
[ 2015-08-24T17:24:08+08:00 ] NOTIC: [8] Undefined index:  data %%77^774^774BE9C9%%index.html.php 第 11 行.
[ 2015-08-24T17:24:22+08:00 ] NOTIC: [2048] Declaration of FindexAction::redirect() should be compatible with that of Action::redirect() FindexAction.class.php 第 37 行.
[ 2015-08-24T17:24:22+08:00 ] NOTIC: [2048] Only variables should be assigned by reference FbaseAction.class.php 第 135 行.
[ 2015-08-24T17:24:22+08:00 ] NOTIC: [8] Undefined index:  forward FbaseAction.class.php 第 137 行.
[ 2015-08-24T17:24:22+08:00 ] SQL:  RunTime:0.001460s SQL = SHOW COLUMNS FROM fangfa_category
[ 2015-08-24T17:24:22+08:00 ] SQL:  RunTime:0.000119s SQL = SELECT * FROM `fangfa_category` WHERE catid=18 LIMIT 1 
[ 2015-08-24T17:24:22+08:00 ] SQL:  RunTime:0.001146s SQL = SHOW COLUMNS FROM fangfa_mobilemenu
[ 2015-08-24T17:24:22+08:00 ] NOTIC: [8] Undefined variable: id function.ffwapmenu.php 第 24 行.
[ 2015-08-24T17:24:22+08:00 ] SQL:  RunTime:0.000084s SQL = SELECT id,name,url,catid,description FROM `fangfa_mobilemenu` ORDER BY sort asc,create_time desc
[ 2015-08-24T17:24:22+08:00 ] NOTIC: [8] Undefined index:  data %%77^774^774BE9C9%%index.html.php 第 11 行.
[ 2015-08-24T17:24:30+08:00 ] NOTIC: [2048] Declaration of FindexAction::redirect() should be compatible with that of Action::redirect() FindexAction.class.php 第 37 行.
[ 2015-08-24T17:24:30+08:00 ] NOTIC: [2048] Only variables should be assigned by reference FbaseAction.class.php 第 135 行.
[ 2015-08-24T17:24:30+08:00 ] NOTIC: [8] Undefined index:  forward FbaseAction.class.php 第 137 行.
[ 2015-08-24T17:24:30+08:00 ] SQL:  RunTime:0.001852s SQL = SHOW COLUMNS FROM fangfa_category
[ 2015-08-24T17:24:30+08:00 ] SQL:  RunTime:0.000120s SQL = SELECT * FROM `fangfa_category` WHERE catid=18 LIMIT 1 
[ 2015-08-24T17:24:30+08:00 ] SQL:  RunTime:0.001129s SQL = SHOW COLUMNS FROM fangfa_mobilemenu
[ 2015-08-24T17:24:30+08:00 ] NOTIC: [8] Undefined variable: id function.ffwapmenu.php 第 24 行.
[ 2015-08-24T17:24:30+08:00 ] SQL:  RunTime:0.000082s SQL = SELECT id,name,url,catid,description FROM `fangfa_mobilemenu` ORDER BY sort asc,create_time desc
[ 2015-08-24T17:24:30+08:00 ] NOTIC: [8] Undefined index:  data %%77^774^774BE9C9%%index.html.php 第 11 行.
[ 2015-08-24T17:24:42+08:00 ] NOTIC: [2048] Declaration of FindexAction::redirect() should be compatible with that of Action::redirect() FindexAction.class.php 第 37 行.
[ 2015-08-24T17:24:42+08:00 ] NOTIC: [2048] Only variables should be assigned by reference FbaseAction.class.php 第 135 行.
[ 2015-08-24T17:24:42+08:00 ] NOTIC: [8] Undefined index:  forward FbaseAction.class.php 第 137 行.
[ 2015-08-24T17:24:42+08:00 ] SQL:  RunTime:0.001833s SQL = SHOW COLUMNS FROM fangfa_category
[ 2015-08-24T17:24:42+08:00 ] SQL:  RunTime:0.000116s SQL = SELECT * FROM `fangfa_category` WHERE catid=18 LIMIT 1 
[ 2015-08-24T17:24:42+08:00 ] SQL:  RunTime:0.001114s SQL = SHOW COLUMNS FROM fangfa_mobilemenu
[ 2015-08-24T17:24:42+08:00 ] NOTIC: [8] Undefined variable: id function.ffwapmenu.php 第 24 行.
[ 2015-08-24T17:24:42+08:00 ] SQL:  RunTime:0.000082s SQL = SELECT id,name,url,catid,description FROM `fangfa_mobilemenu` ORDER BY sort asc,create_time desc
[ 2015-08-24T17:24:42+08:00 ] NOTIC: [8] Undefined index:  data %%77^774^774BE9C9%%index.html.php 第 11 行.
[ 2015-08-24T17:24:45+08:00 ] NOTIC: [2048] Declaration of FindexAction::redirect() should be compatible with that of Action::redirect() FindexAction.class.php 第 37 行.
[ 2015-08-24T17:24:45+08:00 ] NOTIC: [2048] Only variables should be assigned by reference FbaseAction.class.php 第 135 行.
[ 2015-08-24T17:24:45+08:00 ] NOTIC: [8] Undefined index:  forward FbaseAction.class.php 第 137 行.
[ 2015-08-24T17:24:45+08:00 ] SQL:  RunTime:0.001493s SQL = SHOW COLUMNS FROM fangfa_category
[ 2015-08-24T17:24:45+08:00 ] SQL:  RunTime:0.000110s SQL = SELECT * FROM `fangfa_category` WHERE catid=18 LIMIT 1 
[ 2015-08-24T17:24:45+08:00 ] SQL:  RunTime:0.001164s SQL = SHOW COLUMNS FROM fangfa_mobilemenu
[ 2015-08-24T17:24:45+08:00 ] NOTIC: [8] Undefined variable: id function.ffwapmenu.php 第 24 行.
[ 2015-08-24T17:24:45+08:00 ] SQL:  RunTime:0.000086s SQL = SELECT id,name,url,catid,description FROM `fangfa_mobilemenu` ORDER BY sort asc,create_time desc
[ 2015-08-24T17:24:45+08:00 ] NOTIC: [8] Undefined index:  data %%77^774^774BE9C9%%index.html.php 第 11 行.
[ 2015-08-24T17:25:10+08:00 ] NOTIC: [2048] Declaration of FindexAction::redirect() should be compatible with that of Action::redirect() FindexAction.class.php 第 37 行.
[ 2015-08-24T17:25:10+08:00 ] NOTIC: [2048] Only variables should be assigned by reference FbaseAction.class.php 第 135 行.
[ 2015-08-24T17:25:10+08:00 ] NOTIC: [8] Undefined index:  forward FbaseAction.class.php 第 137 行.
[ 2015-08-24T17:25:10+08:00 ] SQL:  RunTime:0.001469s SQL = SHOW COLUMNS FROM fangfa_category
[ 2015-08-24T17:25:10+08:00 ] SQL:  RunTime:0.000105s SQL = SELECT * FROM `fangfa_category` WHERE catid=18 LIMIT 1 
[ 2015-08-24T17:25:10+08:00 ] SQL:  RunTime:0.001177s SQL = SHOW COLUMNS FROM fangfa_mobilemenu
[ 2015-08-24T17:25:10+08:00 ] NOTIC: [8] Undefined variable: id function.ffwapmenu.php 第 24 行.
[ 2015-08-24T17:25:10+08:00 ] SQL:  RunTime:0.000101s SQL = SELECT id,name,url,catid,description FROM `fangfa_mobilemenu` ORDER BY sort asc,create_time desc
[ 2015-08-24T17:25:10+08:00 ] NOTIC: [8] Undefined index:  data %%77^774^774BE9C9%%index.html.php 第 11 行.
[ 2015-08-24T17:25:14+08:00 ] NOTIC: [2048] Declaration of FindexAction::redirect() should be compatible with that of Action::redirect() FindexAction.class.php 第 37 行.
[ 2015-08-24T17:25:14+08:00 ] NOTIC: [2048] Only variables should be assigned by reference FbaseAction.class.php 第 135 行.
[ 2015-08-24T17:25:14+08:00 ] NOTIC: [8] Undefined index:  forward FbaseAction.class.php 第 137 行.
[ 2015-08-24T17:25:14+08:00 ] SQL:  RunTime:0.001476s SQL = SHOW COLUMNS FROM fangfa_category
[ 2015-08-24T17:25:14+08:00 ] SQL:  RunTime:0.000099s SQL = SELECT * FROM `fangfa_category` WHERE catid=18 LIMIT 1 
[ 2015-08-24T17:25:14+08:00 ] SQL:  RunTime:0.001162s SQL = SHOW COLUMNS FROM fangfa_mobilemenu
[ 2015-08-24T17:25:14+08:00 ] NOTIC: [8] Undefined variable: id function.ffwapmenu.php 第 24 行.
[ 2015-08-24T17:25:14+08:00 ] SQL:  RunTime:0.000084s SQL = SELECT id,name,url,catid,description FROM `fangfa_mobilemenu` ORDER BY sort asc,create_time desc
[ 2015-08-24T17:25:14+08:00 ] NOTIC: [8] Undefined index:  data %%77^774^774BE9C9%%index.html.php 第 11 行.
[ 2015-08-24T17:26:17+08:00 ] NOTIC: [2048] Declaration of FindexAction::redirect() should be compatible with that of Action::redirect() FindexAction.class.php 第 37 行.
[ 2015-08-24T17:26:17+08:00 ] NOTIC: [2048] Only variables should be assigned by reference FbaseAction.class.php 第 135 行.
[ 2015-08-24T17:26:17+08:00 ] NOTIC: [8] Undefined index:  forward FbaseAction.class.php 第 137 行.
[ 2015-08-24T17:26:17+08:00 ] SQL:  RunTime:0.001474s SQL = SHOW COLUMNS FROM fangfa_category
[ 2015-08-24T17:26:17+08:00 ] SQL:  RunTime:0.000100s SQL = SELECT * FROM `fangfa_category` WHERE catid=18 LIMIT 1 
[ 2015-08-24T17:26:17+08:00 ] SQL:  RunTime:0.001151s SQL = SHOW COLUMNS FROM fangfa_mobilemenu
[ 2015-08-24T17:26:17+08:00 ] NOTIC: [8] Undefined variable: id function.ffwapmenu.php 第 24 行.
[ 2015-08-24T17:26:17+08:00 ] SQL:  RunTime:0.000083s SQL = SELECT id,name,url,catid,description FROM `fangfa_mobilemenu` ORDER BY sort asc,create_time desc
[ 2015-08-24T17:26:17+08:00 ] NOTIC: [8] Undefined index:  data %%77^774^774BE9C9%%index.html.php 第 11 行.
[ 2015-08-24T17:26:21+08:00 ] NOTIC: [2048] Declaration of FindexAction::redirect() should be compatible with that of Action::redirect() FindexAction.class.php 第 37 行.
[ 2015-08-24T17:26:21+08:00 ] NOTIC: [2048] Only variables should be assigned by reference FbaseAction.class.php 第 135 行.
[ 2015-08-24T17:26:21+08:00 ] NOTIC: [8] Undefined index:  forward FbaseAction.class.php 第 137 行.
[ 2015-08-24T17:26:21+08:00 ] SQL:  RunTime:0.001477s SQL = SHOW COLUMNS FROM fangfa_category
[ 2015-08-24T17:26:21+08:00 ] SQL:  RunTime:0.000113s SQL = SELECT * FROM `fangfa_category` WHERE catid=18 LIMIT 1 
[ 2015-08-24T17:26:21+08:00 ] SQL:  RunTime:0.001147s SQL = SHOW COLUMNS FROM fangfa_mobilemenu
[ 2015-08-24T17:26:21+08:00 ] NOTIC: [8] Undefined variable: id function.ffwapmenu.php 第 24 行.
[ 2015-08-24T17:26:21+08:00 ] SQL:  RunTime:0.000086s SQL = SELECT id,name,url,catid,description FROM `fangfa_mobilemenu` ORDER BY sort asc,create_time desc
[ 2015-08-24T17:26:21+08:00 ] NOTIC: [8] Undefined index:  data %%77^774^774BE9C9%%index.html.php 第 11 行.
[ 2015-08-24T17:26:48+08:00 ] NOTIC: [2048] Declaration of FindexAction::redirect() should be compatible with that of Action::redirect() FindexAction.class.php 第 37 行.
[ 2015-08-24T17:26:48+08:00 ] NOTIC: [2048] Only variables should be assigned by reference FbaseAction.class.php 第 135 行.
[ 2015-08-24T17:26:48+08:00 ] NOTIC: [8] Undefined index:  forward FbaseAction.class.php 第 137 行.
[ 2015-08-24T17:26:48+08:00 ] SQL:  RunTime:0.001444s SQL = SHOW COLUMNS FROM fangfa_category
[ 2015-08-24T17:26:48+08:00 ] SQL:  RunTime:0.000097s SQL = SELECT * FROM `fangfa_category` WHERE catid=18 LIMIT 1 
[ 2015-08-24T17:26:48+08:00 ] SQL:  RunTime:0.001150s SQL = SHOW COLUMNS FROM fangfa_mobilemenu
[ 2015-08-24T17:26:48+08:00 ] NOTIC: [8] Undefined variable: id function.ffwapmenu.php 第 24 行.
[ 2015-08-24T17:26:48+08:00 ] SQL:  RunTime:0.000081s SQL = SELECT id,name,url,catid,description FROM `fangfa_mobilemenu` ORDER BY sort asc,create_time desc
[ 2015-08-24T17:26:48+08:00 ] NOTIC: [8] Undefined index:  data %%77^774^774BE9C9%%index.html.php 第 11 行.
[ 2015-08-24T17:27:17+08:00 ] NOTIC: [2048] Declaration of FindexAction::redirect() should be compatible with that of Action::redirect() FindexAction.class.php 第 37 行.
[ 2015-08-24T17:27:17+08:00 ] NOTIC: [2048] Only variables should be assigned by reference FbaseAction.class.php 第 135 行.
[ 2015-08-24T17:27:17+08:00 ] NOTIC: [8] Undefined index:  forward FbaseAction.class.php 第 137 行.
[ 2015-08-24T17:27:17+08:00 ] SQL:  RunTime:0.001837s SQL = SHOW COLUMNS FROM fangfa_category
[ 2015-08-24T17:27:17+08:00 ] SQL:  RunTime:0.000145s SQL = SELECT * FROM `fangfa_category` WHERE catid=18 LIMIT 1 
[ 2015-08-24T17:27:17+08:00 ] SQL:  RunTime:0.001163s SQL = SHOW COLUMNS FROM fangfa_mobilemenu
[ 2015-08-24T17:27:17+08:00 ] NOTIC: [8] Undefined variable: id function.ffwapmenu.php 第 24 行.
[ 2015-08-24T17:27:17+08:00 ] SQL:  RunTime:0.000083s SQL = SELECT id,name,url,catid,description FROM `fangfa_mobilemenu` ORDER BY sort asc,create_time desc
[ 2015-08-24T17:27:17+08:00 ] NOTIC: [8] Undefined index:  data %%77^774^774BE9C9%%index.html.php 第 11 行.
[ 2015-08-24T17:28:16+08:00 ] NOTIC: [2048] Declaration of FindexAction::redirect() should be compatible with that of Action::redirect() FindexAction.class.php 第 37 行.
[ 2015-08-24T17:28:16+08:00 ] NOTIC: [2048] Only variables should be assigned by reference FbaseAction.class.php 第 135 行.
[ 2015-08-24T17:28:16+08:00 ] NOTIC: [8] Undefined index:  forward FbaseAction.class.php 第 137 行.
[ 2015-08-24T17:28:16+08:00 ] SQL:  RunTime:0.001829s SQL = SHOW COLUMNS FROM fangfa_category
[ 2015-08-24T17:28:16+08:00 ] SQL:  RunTime:0.000126s SQL = SELECT * FROM `fangfa_category` WHERE catid=18 LIMIT 1 
[ 2015-08-24T17:28:16+08:00 ] SQL:  RunTime:0.001155s SQL = SHOW COLUMNS FROM fangfa_mobilemenu
[ 2015-08-24T17:28:16+08:00 ] NOTIC: [8] Undefined variable: id function.ffwapmenu.php 第 24 行.
[ 2015-08-24T17:28:16+08:00 ] SQL:  RunTime:0.000086s SQL = SELECT id,name,url,catid,description FROM `fangfa_mobilemenu` ORDER BY sort asc,create_time desc
[ 2015-08-24T17:28:16+08:00 ] NOTIC: [8] Undefined index:  data %%77^774^774BE9C9%%index.html.php 第 11 行.
[ 2015-08-24T17:30:00+08:00 ] NOTIC: [2048] Declaration of FindexAction::redirect() should be compatible with that of Action::redirect() FindexAction.class.php 第 37 行.
[ 2015-08-24T17:30:00+08:00 ] NOTIC: [2048] Only variables should be assigned by reference FbaseAction.class.php 第 135 行.
[ 2015-08-24T17:30:00+08:00 ] NOTIC: [8] Undefined index:  forward FbaseAction.class.php 第 137 行.
[ 2015-08-24T17:30:00+08:00 ] SQL:  RunTime:0.001859s SQL = SHOW COLUMNS FROM fangfa_category
[ 2015-08-24T17:30:00+08:00 ] SQL:  RunTime:0.000121s SQL = SELECT * FROM `fangfa_category` WHERE catid=18 LIMIT 1 
[ 2015-08-24T17:30:00+08:00 ] SQL:  RunTime:0.001182s SQL = SHOW COLUMNS FROM fangfa_mobilemenu
[ 2015-08-24T17:30:00+08:00 ] NOTIC: [8] Undefined variable: id function.ffwapmenu.php 第 24 行.
[ 2015-08-24T17:30:00+08:00 ] SQL:  RunTime:0.000086s SQL = SELECT id,name,url,catid,description FROM `fangfa_mobilemenu` ORDER BY sort asc,create_time desc
[ 2015-08-24T17:30:00+08:00 ] NOTIC: [8] Undefined index:  data %%77^774^774BE9C9%%index.html.php 第 11 行.
[ 2015-08-24T17:30:19+08:00 ] NOTIC: [2048] Declaration of FindexAction::redirect() should be compatible with that of Action::redirect() FindexAction.class.php 第 37 行.
[ 2015-08-24T17:30:19+08:00 ] NOTIC: [2048] Only variables should be assigned by reference FbaseAction.class.php 第 135 行.
[ 2015-08-24T17:30:19+08:00 ] NOTIC: [8] Undefined index:  forward FbaseAction.class.php 第 137 行.
[ 2015-08-24T17:30:19+08:00 ] SQL:  RunTime:0.001848s SQL = SHOW COLUMNS FROM fangfa_category
[ 2015-08-24T17:30:19+08:00 ] SQL:  RunTime:0.000149s SQL = SELECT * FROM `fangfa_category` WHERE catid=18 LIMIT 1 
[ 2015-08-24T17:30:19+08:00 ] SQL:  RunTime:0.001123s SQL = SHOW COLUMNS FROM fangfa_mobilemenu
[ 2015-08-24T17:30:19+08:00 ] NOTIC: [8] Undefined variable: id function.ffwapmenu.php 第 24 行.
[ 2015-08-24T17:30:19+08:00 ] SQL:  RunTime:0.000084s SQL = SELECT id,name,url,catid,description FROM `fangfa_mobilemenu` ORDER BY sort asc,create_time desc
[ 2015-08-24T17:30:19+08:00 ] NOTIC: [8] Undefined index:  data %%77^774^774BE9C9%%index.html.php 第 11 行.
[ 2015-08-24T17:30:23+08:00 ] NOTIC: [2048] Declaration of FindexAction::redirect() should be compatible with that of Action::redirect() FindexAction.class.php 第 37 行.
[ 2015-08-24T17:30:23+08:00 ] NOTIC: [2048] Only variables should be assigned by reference FbaseAction.class.php 第 135 行.
[ 2015-08-24T17:30:23+08:00 ] NOTIC: [8] Undefined index:  forward FbaseAction.class.php 第 137 行.
[ 2015-08-24T17:30:23+08:00 ] SQL:  RunTime:0.001840s SQL = SHOW COLUMNS FROM fangfa_category
[ 2015-08-24T17:30:23+08:00 ] SQL:  RunTime:0.000114s SQL = SELECT * FROM `fangfa_category` WHERE catid=18 LIMIT 1 
[ 2015-08-24T17:30:23+08:00 ] SQL:  RunTime:0.001126s SQL = SHOW COLUMNS FROM fangfa_mobilemenu
[ 2015-08-24T17:30:23+08:00 ] NOTIC: [8] Undefined variable: id function.ffwapmenu.php 第 24 行.
[ 2015-08-24T17:30:23+08:00 ] SQL:  RunTime:0.000085s SQL = SELECT id,name,url,catid,description FROM `fangfa_mobilemenu` ORDER BY sort asc,create_time desc
[ 2015-08-24T17:30:23+08:00 ] NOTIC: [8] Undefined index:  data %%77^774^774BE9C9%%index.html.php 第 11 行.
